<test-results name="Merged results" total="2" errors="0" failures="1" not-run="0" inconclusive="0" skipped="0" ignored="0" invalid="0" date="2016-11-20" time="13:13:29">
  <environment nunit-version="2.6.3.13283" clr-version="2.0.50727.5485" os-version="Microsoft Windows NT 6.1.7601 Service Pack 1" platform="Win32NT" cwd="D:\Workspace\Plainion\Plainion.CI" machine-name="MD1F8DEC" user="ssmosett" user-domain="WW005" />
  <culture-info current-culture="de-DE" current-uiculture="en-US" />
  <test-suite type="Test Project" name="" executed="True" result="Failure" time="0.138" asserts="0">
    <results>
      <test-suite type="Assembly" name="D:\Workspace\Plainion\Plainion.CI\bin\gc\Plainion.CI.Tests.dll" executed="True" result="Failure" success="False" time="0.138" asserts="0">
        <results>
          <test-suite type="Namespace" name="Plainion" executed="True" result="Failure" success="False" time="0.131" asserts="0">
            <results>
              <test-suite type="Namespace" name="CI" executed="True" result="Failure" success="False" time="0.131" asserts="0">
                <results>
                  <test-suite type="Namespace" name="Tests" executed="True" result="Failure" success="False" time="0.130" asserts="0">
                    <results>
                      <test-suite type="TestFixture" name="DummyTests" executed="True" result="Failure" success="False" time="0.129" asserts="0">
                        <results>
                          <test-case name="Plainion.CI.Tests.DummyTests.WillFail" executed="True" result="Failure" success="False" time="0.104" asserts="0">
                            <failure>
                              <message><![CDATA[]]></message>
                              <stack-trace><![CDATA[at Plainion.CI.Tests.DummyTests.WillFail() in d:\Workspace\Plainion\Plainion.CI\src\Plainion.CI.Tests\DummyTests.cs:line 18
]]></stack-trace>
                            </failure>
                          </test-case>
                          <test-case name="Plainion.CI.Tests.DummyTests.WillSucceed" executed="True" result="Success" success="True" time="0.005" asserts="0" />
                        </results>
                      </test-suite>
                    </results>
                  </test-suite>
                </results>
              </test-suite>
            </results>
          </test-suite>
        </results>
      </test-suite>
    </results>
  </test-suite>
</test-results>